SF:./features/home/lib/src/presentation/blocs/search/search_bloc.dart
DA:15,1
DA:18,2
DA:19,2
DA:20,2
DA:21,3
DA:22,3
DA:24,2
DA:25,2
DA:27,2
DA:28,1
DA:29,2
DA:30,1
LF:12
LH:12
end_of_record
SF:./features/home/lib/src/presentation/blocs/search/search_state.dart
DA:4,1
DA:8,1
DA:9,1
DA:13,1
DA:14,1
DA:21,1
DA:26,1
DA:27,1
DA:28,1
DA:29,1
DA:36,1
DA:38,1
DA:39,1
DA:40,1
LF:14
LH:14
end_of_record
SF:./features/home/lib/src/presentation/blocs/search/search_event.dart
DA:6,1
DA:8,1
DA:10,1
DA:11,1
LF:4
LH:4
end_of_record
SF:./features/home/lib/src/presentation/blocs/watchlist/watchlist_state.dart
DA:4,1
DA:8,1
DA:9,1
DA:13,1
DA:14,1
DA:21,1
DA:26,1
DA:27,1
DA:28,1
DA:29,1
DA:36,1
DA:37,1
DA:38,2
LF:13
LH:13
end_of_record
SF:./features/home/lib/src/presentation/blocs/watchlist/watchlist_bloc.dart
DA:13,1
DA:16,2
DA:17,2
DA:18,2
DA:19,2
DA:20,2
DA:22,2
DA:23,2
DA:25,2
DA:26,1
DA:27,2
DA:28,1
LF:12
LH:12
end_of_record
SF:./features/home/lib/src/presentation/blocs/watchlist/watchlist_event.dart
DA:4,1
DA:6,1
DA:8,1
LF:3
LH:3
end_of_record
SF:./features/home/lib/src/presentation/fragment/fragment_list.dart
DA:6,2
DA:11,1
DA:13,1
DA:14,1
DA:16,6
LF:5
LH:5
end_of_record
SF:./features/home/lib/src/presentation/pages/about_page.dart
DA:9,1
DA:12,2
DA:15,1
DA:16,1
DA:17,1
DA:18,1
DA:19,1
DA:20,1
DA:21,1
DA:23,1
DA:24,1
DA:25,1
DA:31,1
DA:32,1
DA:35,1
DA:37,1
DA:44,1
DA:45,1
DA:46,0
DA:47,1
LF:20
LH:19
end_of_record
SF:./features/home/lib/src/presentation/pages/home_page.dart
DA:11,2
DA:13,1
DA:14,1
DA:21,1
DA:23,1
DA:24,1
DA:25,2
DA:26,3
DA:30,1
DA:33,2
DA:36,1
DA:37,1
DA:38,1
DA:39,1
DA:40,1
DA:41,1
DA:42,1
DA:43,2
DA:48,1
DA:49,1
DA:52,0
DA:54,1
DA:55,1
DA:58,0
DA:60,1
DA:61,1
DA:64,0
DA:65,0
DA:69,1
DA:70,1
DA:71,0
DA:72,0
DA:81,1
DA:83,1
DA:84,1
DA:85,1
DA:86,3
DA:88,1
DA:89,1
DA:90,1
DA:91,0
DA:92,0
DA:99,1
DA:100,1
DA:101,1
DA:103,1
DA:109,0
DA:110,0
DA:111,0
DA:112,0
DA:113,0
DA:115,0
LF:52
LH:38
end_of_record
SF:./features/home/lib/src/presentation/pages/search_page.dart
DA:12,0
DA:13,0
DA:20,0
DA:22,0
DA:24,0
DA:25,0
DA:28,0
DA:30,0
DA:32,0
DA:33,0
DA:34,0
DA:35,0
DA:36,0
DA:39,0
DA:41,0
DA:42,0
DA:43,0
DA:54,0
DA:56,0
DA:58,0
DA:59,0
DA:60,0
DA:61,0
DA:62,0
DA:71,0
DA:72,0
DA:73,0
DA:76,0
DA:77,0
DA:78,0
DA:79,0
DA:80,0
DA:81,0
DA:82,0
DA:83,0
DA:84,0
DA:86,0
DA:87,0
DA:88,0
DA:92,0
LF:40
LH:0
end_of_record
SF:./features/home/lib/src/presentation/pages/watchlist_page.dart
DA:12,0
DA:14,0
DA:15,0
DA:22,0
DA:24,0
DA:25,0
DA:28,0
DA:30,0
DA:32,0
DA:33,0
DA:34,0
DA:35,0
DA:36,0
DA:37,0
DA:38,0
DA:40,0
DA:41,0
DA:42,0
DA:43,0
DA:45,0
DA:46,0
DA:47,0
DA:48,0
DA:49,0
DA:50,0
DA:52,0
DA:53,0
DA:54,0
DA:59,0
DA:60,0
DA:62,0
LF:31
LH:0
end_of_record
SF:./features/movie/lib/src/data/data_sources/movie_remote_data_source.dart
DA:21,1
DA:23,1
DA:26,4
DA:28,2
DA:29,4
DA:31,1
DA:35,1
DA:38,4
DA:40,2
DA:41,3
DA:43,1
DA:47,1
DA:49,1
DA:50,3
DA:52,2
DA:53,4
DA:55,1
DA:59,1
DA:62,4
DA:64,2
DA:65,4
DA:67,1
DA:71,1
DA:74,4
DA:76,2
DA:77,4
DA:79,1
DA:83,1
DA:85,1
DA:86,3
DA:88,2
DA:89,4
DA:91,1
LF:33
LH:33
end_of_record
SF:./features/movie/lib/src/data/data_sources/movie_local_data_source.dart
DA:18,1
DA:20,1
DA:23,2
DA:26,2
DA:30,1
DA:33,2
DA:36,2
DA:40,1
DA:42,2
DA:50,1
DA:52,2
LF:11
LH:11
end_of_record
SF:./features/movie/lib/src/data/data_sources/db/local_movie_database.dart
DA:8,0
DA:10,0
DA:12,0
DA:13,0
DA:16,0
DA:19,0
DA:20,0
DA:26,0
DA:28,0
DA:29,0
DA:31,0
DA:34,0
DA:36,0
DA:37,0
DA:40,0
DA:42,0
DA:43,0
DA:46,0
LF:18
LH:0
end_of_record
SF:./features/movie/lib/src/data/models/movie_table.dart
DA:10,2
DA:17,2
DA:18,1
DA:19,1
DA:20,1
DA:21,1
DA:24,2
DA:25,1
DA:26,1
DA:27,1
DA:28,1
DA:31,0
DA:32,0
DA:33,0
DA:34,0
DA:35,0
DA:38,2
DA:39,1
DA:40,1
DA:41,1
DA:42,1
DA:45,2
DA:47,10
LF:23
LH:18
end_of_record
SF:./features/movie/lib/src/data/models/movie_detail_model.dart
DA:6,2
DA:52,1
DA:53,1
DA:54,1
DA:55,1
DA:56,1
DA:57,1
DA:58,4
DA:59,1
DA:60,1
DA:61,1
DA:62,1
DA:63,1
DA:64,1
DA:65,2
DA:66,1
DA:67,1
DA:68,1
DA:69,1
DA:70,1
DA:71,1
DA:72,1
DA:73,1
DA:74,2
DA:75,1
DA:78,0
DA:79,0
DA:80,0
DA:81,0
DA:82,0
DA:83,0
DA:84,0
DA:85,0
DA:86,0
DA:87,0
DA:88,0
DA:89,0
DA:90,0
DA:91,0
DA:92,0
DA:93,0
DA:94,0
DA:95,0
DA:96,0
DA:97,0
DA:98,0
DA:99,0
DA:102,1
DA:103,1
DA:104,1
DA:105,1
DA:106,5
DA:107,1
DA:108,1
DA:109,1
DA:110,1
DA:111,1
DA:112,1
DA:113,1
DA:114,1
DA:115,1
DA:119,1
DA:121,1
DA:122,1
DA:123,1
DA:124,1
DA:125,1
DA:126,1
DA:127,1
DA:128,1
DA:129,1
DA:130,1
DA:131,1
DA:132,1
DA:133,1
DA:134,1
DA:135,1
DA:136,1
DA:137,1
DA:138,1
DA:139,1
DA:140,1
DA:141,1
DA:142,1
LF:84
LH:62
end_of_record
SF:./features/movie/lib/src/data/models/movie_model.dart
DA:5,4
DA:35,4
DA:36,2
DA:37,2
DA:38,8
DA:39,2
DA:40,2
DA:41,2
DA:42,4
DA:43,2
DA:44,2
DA:45,2
DA:46,2
DA:47,4
DA:48,2
DA:51,2
DA:52,1
DA:53,1
DA:54,4
DA:55,1
DA:56,1
DA:57,1
DA:58,1
DA:59,1
DA:60,1
DA:61,1
DA:62,1
DA:63,1
DA:64,1
DA:67,2
DA:68,2
DA:69,2
DA:70,2
DA:71,2
DA:72,2
DA:73,2
DA:74,2
DA:75,2
DA:76,2
DA:77,2
DA:78,2
DA:79,2
DA:80,2
DA:81,2
DA:85,2
DA:86,2
DA:87,2
DA:88,2
DA:89,2
DA:90,2
DA:91,2
DA:92,2
DA:93,2
DA:94,2
DA:95,2
DA:96,2
DA:97,2
DA:98,2
DA:99,2
LF:59
LH:59
end_of_record
SF:./features/movie/lib/src/data/models/movie_response.dart
DA:7,2
DA:9,4
DA:10,4
DA:11,6
DA:12,6
DA:15,2
DA:16,5
DA:19,1
DA:20,2
LF:9
LH:9
end_of_record
SF:./features/movie/lib/src/data/repositories/movie_repository_impl.dart
DA:13,1
DA:18,1
DA:21,2
DA:22,5
DA:23,1
DA:24,2
DA:25,1
DA:26,2
DA:30,1
DA:33,2
DA:34,2
DA:35,1
DA:36,2
DA:37,1
DA:38,2
DA:42,1
DA:45,2
DA:46,3
DA:47,1
DA:48,2
DA:49,1
DA:50,2
DA:54,1
DA:57,2
DA:58,5
DA:59,1
DA:60,2
DA:61,1
DA:62,2
DA:66,1
DA:69,2
DA:70,5
DA:71,1
DA:72,2
DA:73,1
DA:74,2
DA:78,1
DA:81,2
DA:82,5
DA:83,1
DA:84,2
DA:85,1
DA:86,2
DA:90,1
DA:94,3
DA:95,1
DA:96,1
DA:97,3
DA:103,1
DA:107,3
DA:108,1
DA:109,1
DA:110,3
DA:114,1
DA:116,2
DA:120,1
DA:122,2
DA:123,5
LF:58
LH:58
end_of_record
SF:./features/movie/lib/src/domain/entities/movie.dart
DA:4,11
DA:20,1
DA:41,6
DA:42,6
DA:43,6
DA:44,6
DA:45,6
DA:46,6
DA:47,6
DA:48,6
DA:49,6
DA:50,6
DA:51,6
DA:52,6
DA:53,6
DA:54,6
DA:55,6
LF:17
LH:17
end_of_record
SF:./features/movie/lib/src/domain/entities/movie_detail.dart
DA:6,10
DA:34,2
DA:35,2
DA:36,2
DA:37,2
DA:38,2
DA:39,2
DA:40,2
DA:41,2
DA:42,2
DA:43,2
DA:44,2
DA:45,2
DA:46,2
LF:14
LH:14
end_of_record
SF:./features/movie/lib/src/domain/use_cases/get_movie_detail.dart
DA:10,1
DA:12,1
DA:13,2
LF:3
LH:3
end_of_record
SF:./features/movie/lib/src/domain/use_cases/get_movie_recommendations.dart
DA:9,1
DA:11,1
DA:12,2
LF:3
LH:3
end_of_record
SF:./features/movie/lib/src/domain/use_cases/get_now_playing_movies.dart
DA:9,1
DA:11,1
DA:12,2
LF:3
LH:3
end_of_record
SF:./features/movie/lib/src/domain/use_cases/get_popular_movies.dart
DA:9,1
DA:11,1
DA:12,2
LF:3
LH:3
end_of_record
SF:./features/movie/lib/src/domain/use_cases/get_top_rated_movies.dart
DA:9,1
DA:11,1
DA:12,2
LF:3
LH:3
end_of_record
SF:./features/movie/lib/src/domain/use_cases/get_watchlist_movies.dart
DA:9,1
DA:11,1
DA:12,2
LF:3
LH:3
end_of_record
SF:./features/movie/lib/src/domain/use_cases/get_watchlist_status.dart
DA:7,1
DA:9,1
DA:10,2
LF:3
LH:3
end_of_record
SF:./features/movie/lib/src/domain/use_cases/remove_watchlist.dart
DA:9,1
DA:11,1
DA:12,2
LF:3
LH:3
end_of_record
SF:./features/movie/lib/src/domain/use_cases/save_watchlist.dart
DA:9,1
DA:11,1
DA:12,2
LF:3
LH:3
end_of_record
SF:./features/movie/lib/src/domain/use_cases/search_movies.dart
DA:9,1
DA:11,1
DA:12,2
LF:3
LH:3
end_of_record
SF:./features/movie/lib/src/presentation/blocs/now_playing/now_playing_bloc.dart
DA:15,3
DA:16,2
DA:21,1
DA:23,2
DA:24,2
DA:25,1
DA:26,4
DA:27,3
LF:8
LH:8
end_of_record
SF:./features/movie/lib/src/presentation/blocs/now_playing/now_playing_state.dart
DA:6,1
DA:8,1
DA:11,1
DA:13,1
DA:18,5
DA:19,1
DA:21,2
DA:26,2
DA:28,1
DA:30,2
LF:10
LH:10
end_of_record
SF:./features/movie/lib/src/presentation/blocs/popular/popular_bloc.dart
DA:15,3
DA:16,2
DA:21,1
DA:23,2
DA:24,2
DA:26,1
DA:27,4
DA:28,3
LF:8
LH:8
end_of_record
SF:./features/movie/lib/src/presentation/blocs/popular/popular_state.dart
DA:6,1
DA:8,1
DA:12,1
DA:14,1
DA:20,5
DA:22,1
DA:24,2
DA:30,3
DA:32,1
DA:34,2
LF:10
LH:10
end_of_record
SF:./features/movie/lib/src/presentation/blocs/top_rated/top_rated_bloc.dart
DA:14,3
DA:15,2
DA:20,1
DA:22,2
DA:23,2
DA:24,1
DA:25,4
DA:26,3
LF:8
LH:8
end_of_record
SF:./features/movie/lib/src/presentation/blocs/top_rated/top_rated_state.dart
DA:7,1
DA:9,1
DA:12,1
DA:14,1
DA:19,5
DA:20,1
DA:22,2
DA:27,3
DA:28,1
DA:30,2
LF:10
LH:10
end_of_record
SF:./features/movie/lib/src/presentation/blocs/watchlist_movie/watchlist_movie_event.dart
DA:9,2
DA:15,1
LF:2
LH:2
end_of_record
SF:./features/movie/lib/src/presentation/blocs/watchlist_movie/watchlist_movie_state.dart
DA:7,1
DA:9,1
DA:13,0
DA:15,0
DA:19,1
DA:21,1
DA:27,2
DA:29,1
DA:31,2
LF:9
LH:7
end_of_record
SF:./features/movie/lib/src/presentation/blocs/watchlist_movie/watchlist_movie_bloc.dart
DA:15,1
DA:18,2
DA:19,2
DA:20,2
DA:26,1
DA:29,3
DA:30,1
DA:31,4
DA:32,3
DA:36,1
DA:39,3
DA:40,1
DA:41,4
DA:42,3
LF:14
LH:14
end_of_record
SF:./features/movie/lib/src/presentation/blocs/movie_watchlist/movie_watchlist_event.dart
DA:7,2
LF:1
LH:1
end_of_record
SF:./features/movie/lib/src/presentation/blocs/movie_watchlist/movie_watchlist_bloc.dart
DA:17,1
DA:18,2
DA:19,2
DA:24,1
DA:26,3
DA:27,2
LF:6
LH:6
end_of_record
SF:./features/movie/lib/src/presentation/blocs/movie_watchlist/movie_watchlist_state.dart
DA:7,5
DA:9,1
DA:11,2
LF:3
LH:3
end_of_record
SF:./features/movie/lib/src/presentation/blocs/movie_detail/movie_detail_state.dart
DA:9,1
DA:11,1
DA:14,1
DA:16,1
DA:21,5
DA:23,1
DA:25,2
DA:30,1
DA:32,1
DA:34,2
LF:10
LH:10
end_of_record
SF:./features/movie/lib/src/presentation/blocs/movie_detail/movie_detail_event.dart
DA:9,2
LF:1
LH:1
end_of_record
SF:./features/movie/lib/src/presentation/blocs/movie_detail/movie_detail_bloc.dart
DA:16,3
DA:17,2
DA:22,1
DA:24,2
DA:25,3
DA:26,1
DA:27,4
DA:28,3
LF:8
LH:8
end_of_record
SF:./features/movie/lib/src/presentation/blocs/movie_recommendation/movie_recommendation_state.dart
DA:7,1
DA:9,1
DA:13,1
DA:15,1
DA:21,5
DA:23,1
DA:25,2
DA:31,1
DA:33,1
DA:35,2
LF:10
LH:10
end_of_record
SF:./features/movie/lib/src/presentation/blocs/movie_recommendation/movie_recommendation_event.dart
DA:9,2
LF:1
LH:1
end_of_record
SF:./features/movie/lib/src/presentation/blocs/movie_recommendation/movie_recommendation_bloc.dart
DA:14,1
DA:15,2
DA:16,2
DA:21,1
DA:23,2
DA:24,3
DA:25,1
DA:26,4
DA:27,3
LF:9
LH:9
end_of_record
SF:./features/movie/lib/src/presentation/pages/fragment_movie.dart
DA:10,2
DA:12,1
DA:13,1
DA:17,1
DA:19,1
DA:22,1
DA:24,4
DA:25,4
DA:26,4
DA:27,1
DA:30,1
DA:32,1
DA:33,1
DA:35,1
DA:36,1
DA:38,1
DA:39,1
DA:41,1
DA:43,2
DA:44,1
DA:46,1
DA:47,2
DA:54,1
DA:56,0
DA:57,0
DA:59,2
DA:60,1
DA:62,1
DA:63,2
DA:70,1
DA:72,0
DA:73,0
DA:75,2
DA:76,1
DA:78,1
DA:79,2
DA:93,1
DA:94,1
DA:96,1
DA:97,1
DA:99,1
DA:101,1
DA:103,1
DA:105,1
DA:121,2
DA:123,1
DA:125,1
DA:127,1
DA:129,1
DA:130,2
DA:131,1
DA:133,1
DA:134,0
DA:135,0
DA:138,0
DA:141,1
DA:143,1
DA:144,2
DA:145,1
DA:148,0
DA:154,2
LF:61
LH:53
end_of_record
SF:./features/movie/lib/src/presentation/pages/movie_detail_page.dart
DA:13,2
DA:15,1
DA:16,1
DA:20,1
DA:22,1
DA:23,6
DA:24,6
DA:25,6
DA:28,1
DA:31,4
DA:32,1
DA:33,0
DA:34,0
DA:35,0
DA:37,0
DA:41,0
DA:45,0
DA:46,0
DA:48,0
DA:51,1
DA:52,1
DA:53,1
DA:54,1
DA:55,0
DA:56,1
DA:57,1
DA:58,1
DA:59,1
DA:78,2
DA:80,1
DA:82,3
DA:84,4
DA:85,1
DA:86,1
DA:87,1
DA:88,3
DA:90,1
DA:93,0
DA:95,1
DA:97,1
DA:98,1
DA:99,1
DA:109,1
DA:110,1
DA:111,1
DA:113,1
DA:115,1
DA:117,1
DA:118,1
DA:119,2
DA:120,1
DA:122,1
DA:123,1
DA:125,2
DA:127,1
DA:128,3
DA:130,0
DA:132,0
DA:133,0
DA:136,1
DA:138,1
DA:146,1
DA:147,3
DA:149,1
DA:150,3
DA:152,1
DA:153,1
DA:154,1
DA:155,3
DA:157,1
DA:163,4
DA:167,1
DA:169,1
DA:171,1
DA:172,2
DA:175,1
DA:177,1
DA:179,1
DA:181,1
DA:182,1
DA:183,0
DA:184,1
DA:185,1
DA:187,1
DA:189,1
DA:190,2
DA:191,1
DA:193,1
DA:194,0
DA:195,0
DA:198,0
DA:201,1
DA:206,1
DA:208,2
DA:209,1
DA:215,0
DA:222,2
DA:237,1
DA:239,1
DA:254,1
DA:256,1
DA:259,1
DA:261,0
DA:262,0
DA:271,1
DA:273,2
DA:274,3
DA:277,1
DA:281,3
DA:284,1
DA:285,1
DA:286,1
DA:288,1
DA:289,1
DA:291,0
LF:115
LH:94
end_of_record
SF:./features/movie/lib/src/presentation/pages/popular_movies_page.dart
DA:6,2
DA:8,1
DA:9,1
DA:13,1
DA:15,1
DA:16,4
DA:19,1
DA:21,1
DA:22,1
DA:25,1
DA:27,1
DA:28,1
DA:29,1
DA:30,1
DA:32,2
DA:34,1
DA:35,1
DA:36,1
DA:37,2
DA:38,1
DA:40,2
LF:21
LH:21
end_of_record
SF:./features/movie/lib/src/presentation/pages/top_rated_movies_page.dart
DA:9,2
DA:12,1
DA:13,1
DA:17,1
DA:19,1
DA:20,4
DA:23,1
DA:25,1
DA:26,1
DA:29,1
DA:31,1
DA:32,1
DA:33,1
DA:34,1
DA:36,2
DA:38,1
DA:39,1
DA:40,1
DA:41,2
DA:42,1
DA:44,2
LF:21
LH:21
end_of_record
SF:./features/movie/lib/src/presentation/widgets/movie_card_list.dart
DA:12,4
DA:14,2
DA:16,2
DA:18,2
DA:19,0
DA:21,0
DA:23,2
DA:25,2
DA:26,2
DA:27,2
DA:34,2
DA:36,2
DA:37,2
DA:38,4
DA:41,2
DA:44,2
DA:45,4
DA:53,2
DA:58,2
DA:60,2
DA:61,6
DA:63,2
DA:66,0
LF:23
LH:20
end_of_record
SF:./features/tv/lib/src/data/data_sources/db/tv_database.dart
DA:8,0
DA:10,0
DA:12,0
DA:13,0
DA:16,0
DA:19,0
DA:20,0
DA:26,0
DA:28,0
DA:29,0
DA:31,0
DA:34,0
DA:36,0
DA:37,0
DA:40,0
DA:42,0
DA:43,0
DA:46,0
LF:18
LH:0
end_of_record
SF:./features/tv/lib/src/data/data_sources/tv_local_data_source.dart
DA:16,1
DA:18,1
DA:21,2
DA:24,2
DA:28,0
DA:31,0
DA:34,0
DA:38,0
DA:40,0
DA:48,0
DA:50,0
LF:11
LH:4
end_of_record
SF:./features/tv/lib/src/data/data_sources/tv_remote_data_source.dart
DA:24,1
DA:26,1
DA:29,4
DA:31,2
DA:32,4
DA:34,1
DA:38,1
DA:40,4
DA:42,2
DA:43,3
DA:45,1
DA:49,1
DA:51,1
DA:52,3
DA:54,2
DA:55,4
DA:57,1
DA:61,1
DA:64,4
DA:66,2
DA:67,4
DA:69,1
DA:73,1
DA:76,4
DA:78,2
DA:79,4
DA:81,1
DA:85,1
DA:87,1
DA:88,3
DA:90,2
DA:91,4
DA:93,1
LF:33
LH:33
end_of_record
SF:./features/tv/lib/src/data/models/tv_table.dart
DA:11,2
DA:18,2
DA:19,1
DA:20,1
DA:21,1
DA:22,1
DA:25,0
DA:26,0
DA:27,0
DA:28,0
DA:29,0
DA:32,0
DA:33,0
DA:34,0
DA:35,0
DA:36,0
DA:39,2
DA:40,1
DA:41,1
DA:42,1
DA:43,1
DA:46,1
DA:48,5
LF:23
LH:13
end_of_record
SF:./features/tv/lib/src/data/models/tv_detail_model.dart
DA:9,2
DA:59,1
DA:60,1
DA:61,1
DA:62,1
DA:63,4
DA:64,1
DA:65,1
DA:66,1
DA:67,1
DA:68,4
DA:69,1
DA:70,4
DA:71,1
DA:72,1
DA:73,1
DA:74,1
DA:75,1
DA:76,1
DA:77,1
DA:78,2
DA:79,1
DA:80,1
DA:81,1
DA:82,1
DA:83,2
DA:84,1
DA:87,0
DA:88,0
DA:89,0
DA:90,0
DA:91,0
DA:92,0
DA:93,0
DA:94,0
DA:95,0
DA:96,0
DA:97,0
DA:98,0
DA:99,0
DA:100,0
DA:101,0
DA:102,0
DA:103,0
DA:104,0
DA:105,0
DA:106,0
DA:107,0
DA:108,0
DA:109,0
DA:110,0
DA:113,1
DA:114,1
DA:115,1
DA:116,1
DA:117,1
DA:118,1
DA:119,5
DA:120,1
DA:121,1
DA:122,1
DA:123,1
DA:124,1
DA:125,1
DA:126,1
DA:127,1
DA:128,1
DA:129,1
DA:130,1
DA:131,1
DA:132,1
DA:133,1
DA:134,1
DA:135,1
DA:136,1
DA:137,1
DA:140,1
DA:141,1
DA:142,1
DA:143,1
DA:144,1
DA:145,1
DA:146,1
DA:147,1
DA:148,1
DA:149,1
DA:150,1
DA:151,1
DA:152,1
DA:153,1
DA:154,1
DA:155,1
DA:156,1
DA:157,1
DA:158,1
DA:159,1
DA:160,1
DA:161,1
DA:162,1
DA:163,1
DA:164,1
LF:101
LH:77
end_of_record
SF:./features/tv/lib/src/data/models/tv_model.dart
DA:5,4
DA:33,4
DA:34,2
DA:35,2
DA:36,8
DA:37,2
DA:38,2
DA:39,2
DA:40,2
DA:41,2
DA:42,4
DA:43,2
DA:44,4
DA:45,2
DA:48,2
DA:49,1
DA:50,1
DA:51,4
DA:52,1
DA:53,1
DA:54,1
DA:55,1
DA:56,1
DA:57,1
DA:58,1
DA:59,1
DA:60,1
DA:63,2
DA:64,2
DA:65,2
DA:66,2
DA:67,2
DA:68,2
DA:69,2
DA:70,2
DA:71,2
DA:72,2
DA:73,2
DA:74,2
DA:75,2
DA:76,2
DA:79,2
DA:80,2
DA:81,2
DA:82,2
DA:83,2
DA:84,2
DA:85,2
DA:86,2
DA:87,2
DA:88,2
DA:89,2
DA:90,2
DA:91,2
DA:92,2
LF:55
LH:55
end_of_record
SF:./features/tv/lib/src/data/models/tv_response.dart
DA:9,2
DA:11,4
DA:12,4
DA:13,6
DA:14,6
DA:17,2
DA:18,5
DA:21,1
DA:22,2
LF:9
LH:9
end_of_record
SF:./features/tv/lib/src/data/repositories/tv_repository_impl.dart
DA:13,1
DA:18,1
DA:21,2
DA:22,5
DA:23,1
DA:24,2
DA:25,1
DA:26,2
DA:30,1
DA:33,2
DA:34,2
DA:35,1
DA:36,2
DA:37,1
DA:38,2
DA:42,1
DA:45,2
DA:46,3
DA:47,1
DA:48,2
DA:49,1
DA:50,2
DA:54,1
DA:57,2
DA:58,5
DA:59,1
DA:60,2
DA:61,1
DA:62,2
DA:66,1
DA:69,2
DA:70,5
DA:71,1
DA:72,2
DA:73,1
DA:74,2
DA:78,1
DA:81,2
DA:82,5
DA:83,1
DA:84,2
DA:85,1
DA:86,2
DA:90,1
DA:94,3
DA:95,1
DA:96,1
DA:97,3
DA:103,1
DA:107,3
DA:108,1
DA:109,1
DA:110,3
DA:114,1
DA:116,2
DA:120,1
DA:122,2
DA:123,5
LF:58
LH:58
end_of_record
SF:./features/tv/lib/src/domain/entities/tv.dart
DA:4,11
DA:19,1
DA:39,6
DA:40,6
DA:41,6
DA:42,6
DA:43,6
DA:44,6
DA:45,6
DA:46,6
DA:47,6
DA:48,6
DA:49,6
DA:50,6
DA:51,6
DA:52,6
LF:16
LH:16
end_of_record
SF:./features/tv/lib/src/domain/entities/tv_detail.dart
DA:7,8
DA:57,2
DA:58,2
DA:59,2
DA:60,2
DA:61,2
DA:62,2
DA:63,2
DA:64,2
DA:65,2
DA:66,2
DA:67,2
DA:68,2
DA:69,2
DA:70,2
DA:71,2
DA:72,2
DA:73,2
DA:74,2
DA:75,2
DA:76,2
DA:77,2
DA:78,2
DA:79,2
DA:80,2
DA:81,2
LF:26
LH:26
end_of_record
SF:./features/tv/lib/src/domain/use_cases/tv_usecase.dart
DA:24,1
DA:26,1
DA:27,2
DA:29,1
DA:30,2
DA:32,1
DA:33,2
DA:35,1
DA:36,2
DA:38,1
DA:39,2
DA:41,1
DA:42,2
DA:44,0
DA:45,0
DA:47,1
DA:48,2
DA:50,1
DA:51,2
DA:53,1
DA:54,2
LF:21
LH:19
end_of_record
SF:./features/tv/lib/src/presentation/blocs/tv_detail/tv_detail_event.dart
DA:4,2
DA:10,2
DA:11,0
DA:13,0
LF:4
LH:2
end_of_record
SF:./features/tv/lib/src/presentation/blocs/tv_detail/tv_detail_state.dart
DA:4,5
DA:8,1
DA:9,1
DA:13,1
DA:14,1
DA:20,5
DA:22,1
DA:23,2
DA:30,1
DA:31,1
DA:32,2
LF:11
LH:11
end_of_record
SF:./features/tv/lib/src/presentation/blocs/tv_detail/tv_detail_bloc.dart
DA:12,3
DA:13,2
DA:18,1
DA:20,2
DA:21,3
DA:22,1
DA:23,4
DA:24,3
LF:8
LH:8
end_of_record
SF:./features/tv/lib/src/presentation/blocs/tv_now_playing/tv_now_playing_bloc.dart
DA:12,3
DA:13,2
DA:18,1
DA:20,2
DA:21,2
DA:22,5
DA:23,3
LF:7
LH:7
end_of_record
SF:./features/tv/lib/src/presentation/blocs/tv_now_playing/tv_now_playing_state.dart
DA:4,5
DA:8,1
DA:9,1
DA:13,1
DA:14,1
DA:20,5
DA:22,1
DA:23,2
DA:29,2
DA:30,1
DA:31,2
LF:11
LH:11
end_of_record
SF:./features/tv/lib/src/presentation/blocs/tv_now_playing/tv_now_playing_event.dart
DA:4,2
DA:8,0
DA:10,0
LF:3
LH:1
end_of_record
SF:./features/tv/lib/src/presentation/blocs/tv_popular/tv_popular_bloc.dart
DA:12,3
DA:13,2
DA:18,1
DA:20,2
DA:21,2
DA:22,1
DA:23,4
DA:24,3
LF:8
LH:8
end_of_record
SF:./features/tv/lib/src/presentation/blocs/tv_popular/tv_popular_state.dart
DA:4,5
DA:8,1
DA:9,1
DA:13,1
DA:14,1
DA:20,5
DA:21,1
DA:22,2
DA:28,3
DA:29,1
DA:30,2
LF:11
LH:11
end_of_record
SF:./features/tv/lib/src/presentation/blocs/tv_popular/tv_popular_event.dart
DA:4,3
DA:8,0
DA:10,0
LF:3
LH:1
end_of_record
SF:./features/tv/lib/src/presentation/blocs/tv_recommendation/tv_recommendation_state.dart
DA:4,5
DA:8,1
DA:9,1
DA:13,1
DA:14,1
DA:20,5
DA:22,1
DA:23,2
DA:29,1
DA:31,1
DA:32,2
LF:11
LH:11
end_of_record
SF:./features/tv/lib/src/presentation/blocs/tv_recommendation/tv_recommendation_event.dart
DA:4,2
DA:10,2
DA:12,0
DA:14,0
LF:4
LH:2
end_of_record
SF:./features/tv/lib/src/presentation/blocs/tv_recommendation/tv_recommendation_bloc.dart
DA:13,3
DA:14,2
DA:19,1
DA:21,2
DA:22,3
DA:23,1
DA:24,4
DA:25,3
LF:8
LH:8
end_of_record
SF:./features/tv/lib/src/presentation/blocs/tv_top_rated/tv_top_rated_event.dart
DA:4,3
DA:8,0
DA:10,0
LF:3
LH:1
end_of_record
SF:./features/tv/lib/src/presentation/blocs/tv_top_rated/tv_top_rated_state.dart
DA:4,5
DA:8,1
DA:9,1
DA:13,1
DA:14,1
DA:20,5
DA:22,1
DA:23,2
DA:29,3
DA:31,1
DA:32,2
LF:11
LH:11
end_of_record
SF:./features/tv/lib/src/presentation/blocs/tv_top_rated/tv_top_rated_bloc.dart
DA:12,3
DA:13,2
DA:18,1
DA:20,2
DA:21,2
DA:22,1
DA:23,4
DA:24,3
LF:8
LH:8
end_of_record
SF:./features/tv/lib/src/presentation/blocs/tv_watchlist/tv_watchlist_bloc.dart
DA:10,3
DA:11,2
DA:12,3
DA:13,2
LF:4
LH:4
end_of_record
SF:./features/tv/lib/src/presentation/blocs/tv_watchlist/tv_watchlist_event.dart
DA:5,2
DA:7,0
DA:9,0
LF:3
LH:1
end_of_record
SF:./features/tv/lib/src/presentation/blocs/tv_watchlist/tv_watchlist_state.dart
DA:6,5
DA:8,1
DA:10,1
DA:11,1
LF:4
LH:4
end_of_record
SF:./features/tv/lib/src/presentation/blocs/watchlist_tv/watchlist_tv_state.dart
DA:4,5
DA:8,1
DA:9,1
DA:13,1
DA:14,1
DA:18,1
DA:19,1
DA:24,2
DA:25,1
DA:26,2
LF:10
LH:10
end_of_record
SF:./features/tv/lib/src/presentation/blocs/watchlist_tv/watchlist_tv_event.dart
DA:4,2
DA:10,2
DA:12,1
DA:14,2
DA:21,1
DA:23,0
DA:25,0
LF:7
LH:5
end_of_record
SF:./features/tv/lib/src/presentation/blocs/watchlist_tv/watchlist_tv_bloc.dart
DA:10,3
DA:11,2
DA:12,2
DA:13,3
DA:14,1
DA:15,4
DA:16,3
DA:20,2
DA:21,2
DA:22,3
DA:23,1
DA:24,4
DA:25,3
LF:13
LH:13
end_of_record
SF:./features/tv/lib/src/presentation/pages/fragment_tv.dart
DA:8,1
DA:9,1
DA:13,1
DA:15,1
DA:18,1
DA:20,4
DA:21,4
DA:22,4
DA:23,1
DA:26,1
DA:28,1
DA:29,1
DA:31,1
DA:32,1
DA:34,1
DA:35,1
DA:37,1
DA:39,1
DA:40,1
DA:41,1
DA:42,1
DA:43,1
DA:44,2
DA:46,1
DA:47,1
DA:52,1
DA:54,0
DA:55,0
DA:57,1
DA:58,1
DA:59,1
DA:60,1
DA:61,1
DA:62,2
DA:64,1
DA:65,1
DA:70,1
DA:72,0
DA:73,0
DA:75,1
DA:76,1
DA:77,1
DA:78,1
DA:79,1
DA:80,2
DA:82,1
DA:83,1
DA:95,1
DA:96,1
DA:98,1
DA:99,1
DA:101,1
DA:103,1
DA:105,1
DA:107,1
DA:108,3
DA:120,1
DA:122,1
DA:124,1
DA:126,1
DA:128,1
DA:129,2
DA:130,1
DA:132,1
DA:133,0
DA:134,0
DA:137,0
DA:140,1
DA:141,2
DA:142,1
DA:143,2
DA:144,2
DA:145,1
DA:147,0
DA:153,2
LF:75
LH:67
end_of_record
SF:./features/tv/lib/src/presentation/pages/popular_tv_page.dart
DA:8,1
DA:9,1
DA:13,1
DA:15,1
DA:16,4
DA:19,1
DA:21,1
DA:22,1
DA:23,1
DA:25,1
DA:27,1
DA:28,1
DA:29,1
DA:30,1
DA:31,1
DA:32,2
DA:34,1
DA:35,1
DA:36,1
DA:37,2
DA:38,1
DA:40,2
DA:43,1
DA:44,1
LF:24
LH:24
end_of_record
SF:./features/tv/lib/src/presentation/pages/top_rated_tv_page.dart
DA:9,1
DA:10,1
DA:14,1
DA:16,1
DA:17,4
DA:20,1
DA:22,1
DA:23,1
DA:24,1
DA:26,1
DA:28,1
DA:29,1
DA:30,1
DA:31,1
DA:32,1
DA:33,2
DA:35,1
DA:36,1
DA:37,1
DA:38,2
DA:39,1
DA:41,2
DA:44,1
DA:45,1
LF:24
LH:24
end_of_record
SF:./features/tv/lib/src/presentation/pages/tv_detail_page.dart
DA:14,1
DA:16,1
DA:17,1
DA:21,1
DA:23,1
DA:24,6
DA:25,6
DA:26,1
DA:27,1
DA:28,4
DA:31,1
DA:34,3
DA:35,1
DA:36,1
DA:37,0
DA:38,0
DA:39,0
DA:40,0
DA:41,0
DA:42,0
DA:44,0
DA:45,0
DA:47,0
DA:48,0
DA:49,0
DA:52,1
DA:53,1
DA:54,1
DA:55,0
DA:56,1
DA:57,1
DA:58,1
DA:59,1
DA:64,0
DA:65,0
DA:78,1
DA:80,1
DA:83,3
DA:84,3
DA:85,1
DA:86,1
DA:87,1
DA:88,3
DA:90,2
DA:91,1
DA:93,0
DA:95,1
DA:97,1
DA:98,1
DA:99,1
DA:100,1
DA:102,2
DA:109,1
DA:110,1
DA:111,1
DA:113,1
DA:115,1
DA:117,1
DA:118,1
DA:119,2
DA:120,1
DA:122,1
DA:123,1
DA:124,1
DA:126,1
DA:127,3
DA:130,0
DA:131,0
DA:134,1
DA:136,1
DA:137,1
DA:138,1
DA:139,1
DA:140,1
DA:144,1
DA:145,3
DA:147,1
DA:148,3
DA:150,1
DA:151,1
DA:152,1
DA:153,3
DA:155,2
DA:161,4
DA:164,1
DA:165,1
DA:167,1
DA:169,1
DA:170,2
DA:172,1
DA:173,1
DA:175,1
DA:177,1
DA:179,1
DA:180,1
DA:181,0
DA:182,1
DA:183,1
DA:185,1
DA:187,1
DA:188,2
DA:189,1
DA:191,1
DA:192,0
DA:193,0
DA:196,0
DA:199,1
DA:200,1
DA:201,1
DA:203,1
DA:205,2
DA:206,1
DA:207,1
DA:209,1
DA:212,0
DA:213,0
DA:219,2
DA:223,0
DA:224,0
DA:233,1
DA:235,1
DA:250,1
DA:252,1
DA:255,1
DA:256,1
DA:257,0
DA:258,0
DA:267,1
DA:269,2
DA:270,3
DA:273,1
DA:277,3
DA:280,1
DA:281,1
DA:283,1
LF:135
LH:108
end_of_record
SF:./features/tv/lib/src/presentation/widgets/tv_card_list.dart
DA:9,2
DA:11,2
DA:13,2
DA:15,2
DA:16,0
DA:18,0
DA:20,2
DA:22,2
DA:23,2
DA:24,2
DA:31,2
DA:33,2
DA:34,2
DA:35,4
DA:38,2
DA:40,2
DA:41,2
DA:42,4
DA:50,2
DA:55,2
DA:56,2
DA:57,6
DA:59,4
DA:60,2
DA:62,0
DA:66,2
DA:67,2
LF:27
LH:24
end_of_record
SF:./libraries/dependencies/lib/dependencies.dart
DA:6,2
LF:1
LH:1
end_of_record
